\BOOKMARK [1][-]{section.1}{Introduction}{}% 1
\BOOKMARK [2][-]{subsection.1.1}{Compile and Interpret}{section.1}% 2
\BOOKMARK [1][-]{section.2}{Variables and Definitions}{}% 3
\BOOKMARK [2][-]{subsection.2.1}{Variables}{section.2}% 4
\BOOKMARK [2][-]{subsection.2.2}{Function}{section.2}% 5
\BOOKMARK [3][-]{subsubsection.2.2.1}{Lambda functions}{subsection.2.2}% 6
\BOOKMARK [2][-]{subsection.2.3}{Scope}{section.2}% 7
\BOOKMARK [2][-]{subsection.2.4}{Modules}{section.2}% 8
\BOOKMARK [2][-]{subsection.2.5}{Classes}{section.2}% 9
\BOOKMARK [3][-]{subsubsection.2.5.1}{Inheritance}{subsection.2.5}% 10
\BOOKMARK [2][-]{subsection.2.6}{Error and exceptions}{section.2}% 11
\BOOKMARK [3][-]{subsubsection.2.6.1}{Raising exception}{subsection.2.6}% 12
\BOOKMARK [1][-]{section.3}{The Python Standard Library}{}% 13
\BOOKMARK [1][-]{section.4}{Magic methods}{}% 14
\BOOKMARK [1][-]{section.5}{Methods}{}% 15
\BOOKMARK [2][-]{subsection.5.1}{Subsection}{section.5}% 16
\BOOKMARK [2][-]{subsection.5.2}{Subsection}{section.5}% 17
\BOOKMARK [1][-]{section.6}{Results and Discussion}{}% 18
\BOOKMARK [2][-]{subsection.6.1}{Subsection}{section.6}% 19
\BOOKMARK [3][-]{subsubsection.6.1.1}{Subsubsection}{subsection.6.1}% 20
\BOOKMARK [3][-]{subsubsection.6.1.2}{Subsubsection}{subsection.6.1}% 21
\BOOKMARK [3][-]{subsubsection.6.1.3}{Subsubsection}{subsection.6.1}% 22
\BOOKMARK [2][-]{subsection.6.2}{Subsection}{section.6}% 23
